#-----------------------------------------------------------
# Vivado v2018.3 (64-bit)
# SW Build 2405991 on Thu Dec  6 23:38:27 MST 2018
# IP Build 2404404 on Fri Dec  7 01:43:56 MST 2018
# Start of session at: Sat Aug  1 11:00:49 2020
# Process ID: 25740
# Current directory: D:/car/blueteeth_car/blueteeth_car
# Command line: vivado.exe -gui_launcher_event rodinguilauncherevent28408 D:\car\blueteeth_car\blueteeth_car\car.xpr
# Log file: D:/car/blueteeth_car/blueteeth_car/vivado.log
# Journal file: D:/car/blueteeth_car/blueteeth_car\vivado.jou
#-----------------------------------------------------------
start_gui
open_project D:/car/blueteeth_car/blueteeth_car/car.xpr
INFO: [Project 1-313] Project file moved from 'D:/car/blueteeth_car/car' since last save.
Scanning sources...
Finished scanning sources
INFO: [IP_Flow 19-234] Refreshing IP repositories
INFO: [IP_Flow 19-1704] No user IP repositories specified
INFO: [IP_Flow 19-2313] Loaded Vivado IP repository 'D:/Xilinx/Vivado/2018.3/data/ip'.
open_project: Time (s): cpu = 00:00:14 ; elapsed = 00:00:07 . Memory (MB): peak = 693.461 ; gain = 84.082
update_compile_order -fileset sources_1
launch_simulation
INFO: [Vivado 12-5698] Checking validity of IPs in the design for the 'XSim' simulator...
INFO: [Vivado 12-5682] Launching behavioral simulation in 'D:/car/blueteeth_car/blueteeth_car/car.sim/sim_1/behav/xsim'
INFO: [Vivado 12-4795] Using compiled simulation libraries for IPs
INFO: [SIM-utils-51] Simulation object is 'sim_1'
INFO: [USF-XSim-7] Finding pre-compiled libraries...
INFO: [USF-XSim-11] File 'D:/Xilinx/Vivado/2018.3/data/xsim/xsim.ini' copied to run dir:'D:/car/blueteeth_car/blueteeth_car/car.sim/sim_1/behav/xsim'
INFO: [SIM-utils-54] Inspecting design source files for 'TB' in fileset 'sim_1'...
INFO: [USF-XSim-97] Finding global include files...
INFO: [USF-XSim-98] Fetching design files from 'sim_1'...
INFO: [USF-XSim-2] XSim::Compile design
INFO: [USF-XSim-61] Executing 'COMPILE and ANALYZE' step in 'D:/car/blueteeth_car/blueteeth_car/car.sim/sim_1/behav/xsim'
"xvlog --incr --relax -prj TB_vlog.prj"
INFO: [VRFC 10-2263] Analyzing Verilog file "D:/car/blueteeth_car/blueteeth_car/car.srcs/sources_1/ip/clk_wiz_0/clk_wiz_0_clk_wiz.v" into library xil_defaultlib
INFO: [VRFC 10-311] analyzing module clk_wiz_0_clk_wiz
INFO: [VRFC 10-2263] Analyzing Verilog file "D:/car/blueteeth_car/blueteeth_car/car.srcs/sources_1/ip/clk_wiz_0/clk_wiz_0.v" into library xil_defaultlib
INFO: [VRFC 10-311] analyzing module clk_wiz_0
INFO: [VRFC 10-2263] Analyzing Verilog file "D:/car/blueteeth_car/blueteeth_car/car.srcs/sources_1/new/car.v" into library xil_defaultlib
INFO: [VRFC 10-311] analyzing module car
INFO: [VRFC 10-2263] Analyzing Verilog file "D:/car/blueteeth_car/blueteeth_car/car.srcs/sources_1/new/coded.v" into library xil_defaultlib
INFO: [VRFC 10-311] analyzing module coded
INFO: [VRFC 10-2263] Analyzing Verilog file "D:/car/blueteeth_car/blueteeth_car/car.srcs/sources_1/new/drive.v" into library xil_defaultlib
INFO: [VRFC 10-311] analyzing module drive
INFO: [VRFC 10-2263] Analyzing Verilog file "D:/car/blueteeth_car/blueteeth_car/car.srcs/sources_1/new/uart_rx_path.v" into library xil_defaultlib
INFO: [VRFC 10-311] analyzing module uart_rx_path
INFO: [VRFC 10-2263] Analyzing Verilog file "D:/car/blueteeth_car/blueteeth_car/car.srcs/sources_1/new/uart_top.v" into library xil_defaultlib
INFO: [VRFC 10-311] analyzing module uart_top
INFO: [VRFC 10-2263] Analyzing Verilog file "D:/car/blueteeth_car/blueteeth_car/car.srcs/sources_1/new/uart_tx_path.v" into library xil_defaultlib
INFO: [VRFC 10-311] analyzing module uart_tx_path
INFO: [VRFC 10-2263] Analyzing Verilog file "D:/car/blueteeth_car/blueteeth_car/car.srcs/sim_1/new/TB.v" into library xil_defaultlib
INFO: [VRFC 10-311] analyzing module TB
INFO: [VRFC 10-2263] Analyzing Verilog file "D:/car/blueteeth_car/blueteeth_car/car.sim/sim_1/behav/xsim/glbl.v" into library xil_defaultlib
INFO: [VRFC 10-311] analyzing module glbl
INFO: [USF-XSim-69] 'compile' step finished in '3' seconds
INFO: [USF-XSim-3] XSim::Elaborate design
INFO: [USF-XSim-61] Executing 'ELABORATE' step in 'D:/car/blueteeth_car/blueteeth_car/car.sim/sim_1/behav/xsim'
Vivado Simulator 2018.3
Copyright 1986-1999, 2001-2018 Xilinx, Inc. All Rights Reserved.
Running: D:/Xilinx/Vivado/2018.3/bin/unwrapped/win64.o/xelab.exe -wto 562957356e5c41debde2857ec9f4a5d1 --incr --debug typical --relax --mt 2 -L xil_defaultlib -L unisims_ver -L unimacro_ver -L secureip -L xpm --snapshot TB_behav xil_defaultlib.TB xil_defaultlib.glbl -log elaborate.log 
Using 2 slave threads.
Starting static elaboration
Completed static elaboration
Starting simulation data flow analysis
Completed simulation data flow analysis
Time Resolution for simulation is 1ps
Compiling module unisims_ver.IBUF
Compiling module unisims_ver.PLLE2_ADV(CLKFBOUT_MULT=17,CLKIN...
Compiling module unisims_ver.BUFG
Compiling module xil_defaultlib.clk_wiz_0_clk_wiz
Compiling module xil_defaultlib.clk_wiz_0
Compiling module xil_defaultlib.uart_rx_path
Compiling module xil_defaultlib.uart_tx_path
Compiling module xil_defaultlib.uart_top
Compiling module xil_defaultlib.drive
Compiling module xil_defaultlib.coded
Compiling module xil_defaultlib.car
Compiling module xil_defaultlib.TB
Compiling module xil_defaultlib.glbl
Built simulation snapshot TB_behav
INFO: [USF-XSim-69] 'elaborate' step finished in '5' seconds
INFO: [USF-XSim-4] XSim::Simulate design
INFO: [USF-XSim-61] Executing 'SIMULATE' step in 'D:/car/blueteeth_car/blueteeth_car/car.sim/sim_1/behav/xsim'
INFO: [USF-XSim-98] *** Running xsim
   with args "TB_behav -key {Behavioral:sim_1:Functional:TB} -tclbatch {TB.tcl} -view {D:/car/blueteeth_car/blueteeth_car/TB_behav.wcfg} -log {simulate.log}"
INFO: [USF-XSim-8] Loading simulator feature
Vivado Simulator 2018.3
Time resolution is 1 ps
open_wave_config D:/car/blueteeth_car/blueteeth_car/TB_behav.wcfg
source TB.tcl
# set curr_wave [current_wave_config]
# if { [string length $curr_wave] == 0 } {
#   if { [llength [get_objects]] > 0} {
#     add_wave /
#     set_property needs_save false [current_wave_config]
#   } else {
#      send_msg_id Add_Wave-1 WARNING "No top level signals found. Simulator will start without a wave window. If you want to open a wave window go to 'File->New Waveform Configuration' or type 'create_wave_config' in the TCL console."
#   }
# }
# run 1000ns
INFO: [USF-XSim-96] XSim completed. Design snapshot 'TB_behav' loaded.
INFO: [USF-XSim-97] XSim simulation ran for 1000ns
launch_simulation: Time (s): cpu = 00:00:09 ; elapsed = 00:00:13 . Memory (MB): peak = 790.566 ; gain = 16.711
restart
INFO: [Simtcl 6-17] Simulation restarted
run 5 s
run: Time (s): cpu = 00:00:06 ; elapsed = 00:00:31 . Memory (MB): peak = 790.566 ; gain = 0.000
close_sim
INFO: [Simtcl 6-16] Simulation closed
exit
INFO: [Common 17-206] Exiting Vivado at Sat Aug  1 11:02:25 2020...
