#-----------------------------------------------------------
# Vivado v2018.3 (64-bit)
# SW Build 2405991 on Thu Dec  6 23:38:27 MST 2018
# IP Build 2404404 on Fri Dec  7 01:43:56 MST 2018
# Start of session at: Sat Aug  1 11:02:33 2020
# Process ID: 14664
# Current directory: D:/car/blueteeth_car/blueteeth_car
# Command line: vivado.exe -gui_launcher_event rodinguilauncherevent15884 D:\car\blueteeth_car\blueteeth_car\car.xpr
# Log file: D:/car/blueteeth_car/blueteeth_car/vivado.log
# Journal file: D:/car/blueteeth_car/blueteeth_car\vivado.jou
#----------------------------------------------------------ststart_guopopen_project D:/car/blueteeth_car/blueteeth_car/car.xpScanning sources...
Finished scanning sources
INFO: [IP_Flow 19-234] Refreshing IP repositories
INFO: [IP_Flow 19-1704] No user IP repositories specified
INFO: [IP_Flow 19-2313] Loaded Vivado IP repository 'D:/Xilinx/Vivado/2018.3/data/ip'.
open_project: Time (s): cpu = 00:00:14 ; elapsed = 00:00:27 . Memory (MB): peak = 657.688 ; gain = 82.906
update_compile_order -fileset sources_1
eexit
INFO: [Common 17-206] Exiting Vivado at Sat Aug  1 11:04:32 2020...
.
